<?xml version="1.0" encoding="UTF-8"?>
<!-- Generated by org.testng.reporters.JUnitReportReporter -->
<testsuite hostname="DESKTOP-0023PCA" failures="0" tests="3" name="tests.PetStoreTests" time="6.543" errors="0" timestamp="2025-03-13T21:49:40 EET" skipped="0">
  <testcase classname="tests.PetStoreTests" name="testGetRandomPet" time="0.759"/>
  <testcase classname="tests.PetStoreTests" name="testGetPetsByStatus" time="3.256"/>
  <testcase classname="tests.PetStoreTests" name="testCreateNewPet" time="2.528"/>
</testsuite> <!-- tests.PetStoreTests -->
